<?xml version="1.0" encoding="UTF-8"?>
<!-- Generated by org.testng.reporters.JUnitReportReporter -->
<testsuite hostname="DESKTOP-EA3O7R6" failures="0" tests="9" name="DemoWebShop.DigitalDownLoadsTest" time="22.195" errors="0" timestamp="2022-11-18T17:27:51 IST" skipped="0">
  <testcase classname="DemoWebShop.DigitalDownLoadsTest" name="login" time="3.018"/>
  <system-out>
    <![CDATA[Clicking on Login Link
Enter Email
Enter Password
Checking RememberMe_CheckBox()
Clicking on Login button]]>
  </system-out>
  <testcase classname="DemoWebShop.DigitalDownLoadsTest" name="navigateToThirdAlbumPage" time="8.010"/>
  <system-out>
    <![CDATA[Clicking on DigitalDownloads Button
Clicking on A to Z Option
Clicking on 4 Option
Clicking on List Option
Clicking on ThirdAlbum_Link]]>
  </system-out>
  <testcase classname="DemoWebShop.DigitalDownLoadsTest" name="navigateToShoppingCartPage" time="0.666"/>
  <system-out>
    <![CDATA[Clicking on Add to Cart Button]]>
  </system-out>
  <testcase classname="DemoWebShop.DigitalDownLoadsTest" name="navigateToCheckoutPage" time="2.457"/>
  <system-out>
    <![CDATA[Clicking on ShoppingCart Link
Displaying Shopping Cart page
Clicking on TermsOfService Checkbox
Clicking on CheckOut Button]]>
  </system-out>
  <testcase classname="DemoWebShop.DigitalDownLoadsTest" name="navigateToThankYouPage" time="2.782"/>
  <system-out>
    <![CDATA[Displaying Check Out page
Displaying Billing Address Field
Selecting New Address
Entering FirstName in FirstName textfield
Entering LastName in LastName textfield
Entering Email in Email textfield
Entering CompanyName in Company textfield
Selecting Country as India 
Entering Cityname in City textfield
Entering Address in Address1 textfield
Entering Zipcode in Zip textfield
Entering Phone number in Phone number textfield
Clicking on Continue button in Billing Address]]>
  </system-out>
  <testcase classname="DemoWebShop.DigitalDownLoadsTest" name="navtigateToPaymentInformation" time="1.150"/>
  <system-out>
    <![CDATA[PaymentMethod Field is Displayed
Clicking on Check Money Order RadioButton
Clicking on Continue_Button in Payment Method]]>
  </system-out>
  <testcase classname="DemoWebShop.DigitalDownLoadsTest" name="navtigateToConfirmOrder" time="0.718"/>
  <system-out>
    <![CDATA[Payment Information Field is Displayed
Clicking on Continue_Button in Payment Information]]>
  </system-out>
  <testcase classname="DemoWebShop.DigitalDownLoadsTest" name="navtigateToThankYouPage" time="0.423"/>
  <system-out>
    <![CDATA[Confirm Order Field is Displayed
BillingAddress_Details is Displayed
Paymentmethod_Details is Displayed
Clicking on Confirm_Button in Confirmation Order ]]>
  </system-out>
  <testcase classname="DemoWebShop.DigitalDownLoadsTest" name="navtigateToHomePage" time="2.971"/>
  <system-out>
    <![CDATA[ThankYou Page is Displayed
Confirmation Message is Displayed
Order Number is Displayed
Clicking on Continue Button in ThankYou Page
HomePage is Displayed]]>
  </system-out>
</testsuite> <!-- DemoWebShop.DigitalDownLoadsTest -->
