<?xml version="1.0" encoding="UTF-8"?>
<!-- Generated by org.testng.reporters.JUnitReportReporter -->
<testsuite hostname="DESKTOP-EA3O7R6" failures="0" tests="1" name="DemoWebShop.RegisterTest" time="4.071" errors="0" timestamp="2022-11-16T15:12:37 IST" skipped="0">
  <testcase classname="DemoWebShop.RegisterTest" name="register" time="4.071"/>
  <system-out>
    <![CDATA[Clicking on Register Link
Checking Female Radio button
Enter First Name
Enter Last Name
Enter Email
Enter Password
Enter ConfirmPassword
Clicking on Register Button]]>
  </system-out>
</testsuite> <!-- DemoWebShop.RegisterTest -->
