<?xml version="1.0" encoding="UTF-8"?>
<!-- Generated by org.testng.reporters.JUnitReportReporter -->
<testsuite hostname="DESKTOP-EA3O7R6" failures="0" tests="1" name="DemoWebShop.LoginTest" time="2.070" errors="0" timestamp="2022-11-18T12:16:16 IST" skipped="0">
  <testcase classname="DemoWebShop.LoginTest" name="login" time="2.070"/>
  <system-out>
    <![CDATA[Clicking on Login Link
Enter Email
Enter Password
Checking RememberMe_CheckBox()
Clicking on Login button]]>
  </system-out>
</testsuite> <!-- DemoWebShop.LoginTest -->
