<?xml version="1.0" encoding="UTF-8"?>
<!-- Generated by org.testng.reporters.JUnitReportReporter -->
<testsuite hostname="DESKTOP-EA3O7R6" failures="0" tests="1" name="DemoWebShop.Register" time="0.025" errors="0" timestamp="2022-11-16T12:14:08 IST" skipped="0">
  <testcase classname="DemoWebShop.Register" name="register" time="0.025"/>
  <system-out/>
</testsuite> <!-- DemoWebShop.Register -->
